[0506/170136.861:ERROR:settings.cc(320)] Settings magic is not 1129342067
[0507/132937.685:ERROR:process_memory_win.cc(73)] ReadMemory at 0x7ff66d360000 of 64 bytes failed: Only part of a ReadProcessMemory or WriteProcessMemory request was completed. (0x12B)
[0507/132939.233:WARNING:pe_image_reader.cc(340)] could not read dos header from C:\Program Files (x86)\Google\Chrome\Application\chrome.exe
[0507/132939.233:ERROR:process_memory_win.cc(73)] ReadMemory at 0x7ffe89870000 of 64 bytes failed: Only part of a ReadProcessMemory or WriteProcessMemory request was completed. (0x12B)
[0507/132939.234:WARNING:pe_image_reader.cc(340)] could not read dos header from C:\Windows\SYSTEM32\ntdll.dll
[0507/132939.234:ERROR:process_memory_win.cc(73)] ReadMemory at 0x7ffe87250000 of 64 bytes failed: Only part of a ReadProcessMemory or WriteProcessMemory request was completed. (0x12B)
[0507/132939.548:WARNING:pe_image_reader.cc(340)] could not read dos header from C:\Windows\system32\KERNEL32.DLL
[0507/132939.548:ERROR:process_memory_win.cc(73)] ReadMemory at 0x7ffe864b0000 of 64 bytes failed: Only part of a ReadProcessMemory or WriteProcessMemory request was completed. (0x12B)
[0507/132939.548:WARNING:pe_image_reader.cc(340)] could not read dos header from C:\Windows\system32\KERNELBASE.dll
[0507/132939.548:ERROR:process_memory_win.cc(73)] ReadMemory at 0x7ffe666f0000 of 64 bytes failed: Only part of a ReadProcessMemory or WriteProcessMemory request was completed. (0x12B)
[0507/132939.548:WARNING:pe_image_reader.cc(340)] could not read dos header from C:\Program Files (x86)\Google\Chrome\Application\81.0.4044.122\chrome_elf.dll
[0507/132939.548:ERROR:process_memory_win.cc(73)] ReadMemory at 0x7ffe7d1f0000 of 64 bytes failed: Only part of a ReadProcessMemory or WriteProcessMemory request was completed. (0x12B)
[0507/132939.548:WARNING:pe_image_reader.cc(340)] could not read dos header from C:\Windows\SYSTEM32\VERSION.dll
[0507/132939.548:ERROR:process_memory_win.cc(73)] ReadMemory at 0x7ffe89550000 of 64 bytes failed: Only part of a ReadProcessMemory or WriteProcessMemory request was completed. (0x12B)
[0507/132939.548:WARNING:pe_image_reader.cc(340)] could not read dos header from C:\Windows\system32\msvcrt.dll
[0507/132939.548:ERROR:process_memory_win.cc(73)] ReadMemory at 0x7ffe87dd0000 of 64 bytes failed: Only part of a ReadProcessMemory or WriteProcessMemory request was completed. (0x12B)
[0507/132939.548:WARNING:pe_image_reader.cc(340)] could not read dos header from C:\Windows\system32\ADVAPI32.dll
[0507/132939.548:ERROR:process_memory_win.cc(73)] ReadMemory at 0x7ffe87320000 of 64 bytes failed: Only part of a ReadProcessMemory or WriteProcessMemory request was completed. (0x12B)
[0507/132939.548:WARNING:pe_image_reader.cc(340)] could not read dos header from C:\Windows\system32\sechost.dll
[0507/132939.548:ERROR:process_memory_win.cc(73)] ReadMemory at 0x7ffe87760000 of 64 bytes failed: Only part of a ReadProcessMemory or WriteProcessMemory request was completed. (0x12B)
[0507/132939.549:WARNING:pe_image_reader.cc(340)] could not read dos header from C:\Windows\system32\RPCRT4.dll
[0507/132939.549:ERROR:process_memory_win.cc(73)] ReadMemory at 0x7ffe45a70000 of 64 bytes failed: Only part of a ReadProcessMemory or WriteProcessMemory request was completed. (0x12B)
[0507/132939.549:WARNING:pe_image_reader.cc(340)] could not read dos header from C:\Program Files (x86)\Google\Chrome\Application\81.0.4044.122\chrome.dll
[0507/132939.549:ERROR:process_memory_win.cc(73)] ReadMemory at 0x7ffe87c80000 of 64 bytes failed: Only part of a ReadProcessMemory or WriteProcessMemory request was completed. (0x12B)
[0507/132939.549:WARNING:pe_image_reader.cc(340)] could not read dos header from C:\Windows\system32\WS2_32.dll
[0507/132939.549:ERROR:process_memory_win.cc(73)] ReadMemory at 0x7ffe89540000 of 64 bytes failed: Only part of a ReadProcessMemory or WriteProcessMemory request was completed. (0x12B)
[0507/132939.549:WARNING:pe_image_reader.cc(340)] could not read dos header from C:\Windows\system32\NSI.dll
[0507/132939.549:ERROR:process_memory_win.cc(73)] ReadMemory at 0x7ffe87e80000 of 64 bytes failed: Only part of a ReadProcessMemory or WriteProcessMemory request was completed. (0x12B)
[0507/132939.644:WARNING:pe_image_reader.cc(340)] could not read dos header from C:\Windows\system32\OLEAUT32.dll
[0507/132939.644:ERROR:process_memory_win.cc(73)] ReadMemory at 0x7ffe895f0000 of 64 bytes failed: Only part of a ReadProcessMemory or WriteProcessMemory request was completed. (0x12B)
[0507/132939.644:WARNING:pe_image_reader.cc(340)] could not read dos header from C:\Windows\system32\combase.dll
[0507/132939.644:ERROR:process_memory_win.cc(73)] ReadMemory at 0x7ffe86ee0000 of 64 bytes failed: Only part of a ReadProcessMemory or WriteProcessMemory request was completed. (0x12B)
[0507/132939.644:WARNING:pe_image_reader.cc(340)] could not read dos header from C:\Windows\system32\WINTRUST.dll
[0507/132939.644:ERROR:process_memory_win.cc(73)] ReadMemory at 0x7ffe862c0000 of 64 bytes failed: Only part of a ReadProcessMemory or WriteProcessMemory request was completed. (0x12B)
[0507/132939.644:WARNING:pe_image_reader.cc(340)] could not read dos header from C:\Windows\system32\MSASN1.dll
[0507/132939.644:ERROR:process_memory_win.cc(73)] ReadMemory at 0x7ffe866e0000 of 64 bytes failed: Only part of a ReadProcessMemory or WriteProcessMemory request was completed. (0x12B)
[0507/132939.644:WARNING:pe_image_reader.cc(340)] could not read dos header from C:\Windows\system32\CRYPT32.dll
[0507/132939.644:ERROR:process_memory_win.cc(73)] ReadMemory at 0x7ffe85f50000 of 64 bytes failed: Only part of a ReadProcessMemory or WriteProcessMemory request was completed. (0x12B)
[0507/132939.645:WARNING:pe_image_reader.cc(340)] could not read dos header from C:\Windows\SYSTEM32\IPHLPAPI.DLL
[0507/132939.645:ERROR:process_memory_win.cc(73)] ReadMemory at 0x7ffe7e7f0000 of 64 bytes failed: Only part of a ReadProcessMemory or WriteProcessMemory request was completed. (0x12B)
[0507/132939.645:WARNING:pe_image_reader.cc(340)] could not read dos header from C:\Windows\SYSTEM32\WINMM.dll
[0507/132939.645:ERROR:process_memory_win.cc(73)] ReadMemory at 0x7ffe875b0000 of 64 bytes failed: Only part of a ReadProcessMemory or WriteProcessMemory request was completed. (0x12B)
[0507/132939.645:WARNING:pe_image_reader.cc(340)] could not read dos header from C:\Windows\system32\USER32.dll
[0507/132939.645:ERROR:process_memory_win.cc(73)] ReadMemory at 0x7ffe87380000 of 64 bytes failed: Only part of a ReadProcessMemory or WriteProcessMemory request was completed. (0x12B)
[0507/132939.645:WARNING:pe_image_reader.cc(340)] could not read dos header from C:\Windows\system32\GDI32.dll
[0507/132939.645:ERROR:process_memory_win.cc(73)] ReadMemory at 0x7ffe7ab30000 of 64 bytes failed: Only part of a ReadProcessMemory or WriteProcessMemory request was completed. (0x12B)
[0507/132939.645:WARNING:pe_image_reader.cc(340)] could not read dos header from C:\Windows\SYSTEM32\Secur32.dll
[0507/132939.645:ERROR:process_memory_win.cc(73)] ReadMemory at 0x7ffe85630000 of 64 bytes failed: Only part of a ReadProcessMemory or WriteProcessMemory request was completed. (0x12B)
[0507/132939.645:WARNING:pe_image_reader.cc(340)] could not read dos header from C:\Windows\SYSTEM32\USERENV.dll
[0507/132939.645:ERROR:process_memory_win.cc(73)] ReadMemory at 0x7ffe862a0000 of 64 bytes failed: Only part of a ReadProcessMemory or WriteProcessMemory request was completed. (0x12B)
[0507/132939.645:WARNING:pe_image_reader.cc(340)] could not read dos header from C:\Windows\system32\profapi.dll
[0507/132939.645:ERROR:process_memory_win.cc(73)] ReadMemory at 0x7ffe6f040000 of 64 bytes failed: Only part of a ReadProcessMemory or WriteProcessMemory request was completed. (0x12B)
[0507/132939.645:WARNING:pe_image_reader.cc(340)] could not read dos header from C:\Windows\SYSTEM32\UIAutomationCore.DLL
[0507/132939.645:ERROR:process_memory_win.cc(73)] ReadMemory at 0x7ffe80030000 of 64 bytes failed: Only part of a ReadProcessMemory or WriteProcessMemory request was completed. (0x12B)
[0507/132939.645:WARNING:pe_image_reader.cc(340)] could not read dos header from C:\Windows\SYSTEM32\DWrite.dll
[0507/132939.645:ERROR:process_memory_win.cc(73)] ReadMemory at 0x7ffe6eb80000 of 64 bytes failed: Only part of a ReadProcessMemory or WriteProcessMemory request was completed. (0x12B)
[0507/132939.645:WARNING:pe_image_reader.cc(340)] could not read dos header from C:\Windows\SYSTEM32\WINSPOOL.DRV
[0507/132939.645:ERROR:process_memory_win.cc(73)] ReadMemory at 0x7ffe6d0b0000 of 64 bytes failed: Only part of a ReadProcessMemory or WriteProcessMemory request was completed. (0x12B)
[0507/132939.645:WARNING:pe_image_reader.cc(340)] could not read dos header from C:\Windows\SYSTEM32\dbghelp.dll
[0507/132939.645:ERROR:process_memory_win.cc(73)] ReadMemory at 0x7ffe80fb0000 of 64 bytes failed: Only part of a ReadProcessMemory or WriteProcessMemory request was completed. (0x12B)
[0507/132939.645:WARNING:pe_image_reader.cc(340)] could not read dos header from C:\Windows\SYSTEM32\WINHTTP.dll
[0507/132939.645:ERROR:process_memory_win.cc(73)] ReadMemory at 0x7ffe85d80000 of 64 bytes failed: Only part of a ReadProcessMemory or WriteProcessMemory request was completed. (0x12B)
[0507/132939.646:WARNING:pe_image_reader.cc(340)] could not read dos header from C:\Windows\SYSTEM32\dhcpcsvc.DLL
[0507/132939.646:ERROR:process_memory_win.cc(73)] ReadMemory at 0x7ffe82e50000 of 64 bytes failed: Only part of a ReadProcessMemory or WriteProcessMemory request was completed. (0x12B)
[0507/132939.646:WARNING:pe_image_reader.cc(340)] could not read dos header from C:\Windows\SYSTEM32\WINNSI.DLL
[0507/132939.646:ERROR:process_memory_win.cc(73)] ReadMemory at 0x7ffe7e7c0000 of 64 bytes failed: Only part of a ReadProcessMemory or WriteProcessMemory request was completed. (0x12B)
[0507/132939.646:WARNING:pe_image_reader.cc(340)] could not read dos header from C:\Windows\SYSTEM32\WINMMBASE.dll
[0507/132939.646:ERROR:process_memory_win.cc(73)] ReadMemory at 0x7ffe86690000 of 64 bytes failed: Only part of a ReadProcessMemory or WriteProcessMemory request was completed. (0x12B)
[0507/132939.646:WARNING:pe_image_reader.cc(340)] could not read dos header from C:\Windows\system32\cfgmgr32.dll
[0507/132939.646:ERROR:process_memory_win.cc(73)] ReadMemory at 0x7ffe861d0000 of 64 bytes failed: Only part of a ReadProcessMemory or WriteProcessMemory request was completed. (0x12B)
[0507/132939.646:WARNING:pe_image_reader.cc(340)] could not read dos header from C:\Windows\SYSTEM32\bcrypt.dll
[0507/132939.646:ERROR:process_memory_win.cc(73)] ReadMemory at 0x7ffe86060000 of 64 bytes failed: Only part of a ReadProcessMemory or WriteProcessMemory request was completed. (0x12B)
[0507/132939.646:WARNING:pe_image_reader.cc(340)] could not read dos header from C:\Windows\SYSTEM32\DEVOBJ.dll
[0507/132939.646:ERROR:process_memory_win.cc(73)] ReadMemory at 0x7ffe85bd0000 of 64 bytes failed: Only part of a ReadProcessMemory or WriteProcessMemory request was completed. (0x12B)
[0507/132939.646:WARNING:pe_image_reader.cc(340)] could not read dos header from C:\Windows\SYSTEM32\SSPICLI.DLL
[0507/132939.647:ERROR:process_memory_win.cc(73)] ReadMemory at 0xa1a9410000 of 64 bytes failed: Only part of a ReadProcessMemory or WriteProcessMemory request was completed. (0x12B)
[0507/132939.647:WARNING:pe_image_reader.cc(340)] could not read dos header from C:\Windows\system32\IMM32.DLL
[0507/132939.647:ERROR:process_memory_win.cc(73)] ReadMemory at 0x7ffe86f40000 of 64 bytes failed: Only part of a ReadProcessMemory or WriteProcessMemory request was completed. (0x12B)
[0507/132939.647:WARNING:pe_image_reader.cc(340)] could not read dos header from C:\Windows\system32\MSCTF.dll
[0507/132939.647:ERROR:process_memory_win.cc(73)] ReadMemory at 0x7ffe860c0000 of 64 bytes failed: Only part of a ReadProcessMemory or WriteProcessMemory request was completed. (0x12B)
[0507/132939.647:WARNING:pe_image_reader.cc(340)] could not read dos header from C:\Windows\SYSTEM32\bcryptPrimitives.dll
[0507/132939.647:ERROR:process_memory_win.cc(73)] ReadMemory at 0x7ffe85970000 of 64 bytes failed: Only part of a ReadProcessMemory or WriteProcessMemory request was completed. (0x12B)
[0507/132939.647:WARNING:pe_image_reader.cc(340)] could not read dos header from C:\Windows\SYSTEM32\CRYPTBASE.DLL
[0507/132939.962:ERROR:process_memory_win.cc(73)] ReadMemory at 0x7ff66d360000 of 64 bytes failed: Only part of a ReadProcessMemory or WriteProcessMemory request was completed. (0x12B)
[0507/132939.962:WARNING:pe_image_reader.cc(340)] could not read dos header from C:\Program Files (x86)\Google\Chrome\Application\chrome.exe
[0507/132939.962:ERROR:process_memory_win.cc(73)] ReadMemory at 0x7ffe89870000 of 64 bytes failed: Only part of a ReadProcessMemory or WriteProcessMemory request was completed. (0x12B)
[0507/132939.962:WARNING:pe_image_reader.cc(340)] could not read dos header from C:\Windows\SYSTEM32\ntdll.dll
[0507/132939.962:ERROR:process_memory_win.cc(73)] ReadMemory at 0x7ffe87250000 of 64 bytes failed: Only part of a ReadProcessMemory or WriteProcessMemory request was completed. (0x12B)
[0507/132939.962:WARNING:pe_image_reader.cc(340)] could not read dos header from C:\Windows\system32\KERNEL32.DLL
[0507/132939.962:ERROR:process_memory_win.cc(73)] ReadMemory at 0x7ffe864b0000 of 64 bytes failed: Only part of a ReadProcessMemory or WriteProcessMemory request was completed. (0x12B)
[0507/132939.962:WARNING:pe_image_reader.cc(340)] could not read dos header from C:\Windows\system32\KERNELBASE.dll
[0507/132939.962:ERROR:process_memory_win.cc(73)] ReadMemory at 0x7ffe666f0000 of 64 bytes failed: Only part of a ReadProcessMemory or WriteProcessMemory request was completed. (0x12B)
[0507/132939.962:WARNING:pe_image_reader.cc(340)] could not read dos header from C:\Program Files (x86)\Google\Chrome\Application\81.0.4044.122\chrome_elf.dll
[0507/132939.962:ERROR:process_memory_win.cc(73)] ReadMemory at 0x7ffe7d1f0000 of 64 bytes failed: Only part of a ReadProcessMemory or WriteProcessMemory request was completed. (0x12B)
[0507/132939.962:WARNING:pe_image_reader.cc(340)] could not read dos header from C:\Windows\SYSTEM32\VERSION.dll
[0507/132939.962:ERROR:process_memory_win.cc(73)] ReadMemory at 0x7ffe89550000 of 64 bytes failed: Only part of a ReadProcessMemory or WriteProcessMemory request was completed. (0x12B)
[0507/132939.962:WARNING:pe_image_reader.cc(340)] could not read dos header from C:\Windows\system32\msvcrt.dll
[0507/132939.962:ERROR:process_memory_win.cc(73)] ReadMemory at 0x7ffe87dd0000 of 64 bytes failed: Only part of a ReadProcessMemory or WriteProcessMemory request was completed. (0x12B)
[0507/132939.962:WARNING:pe_image_reader.cc(340)] could not read dos header from C:\Windows\system32\ADVAPI32.dll
[0507/132939.962:ERROR:process_memory_win.cc(73)] ReadMemory at 0x7ffe87320000 of 64 bytes failed: Only part of a ReadProcessMemory or WriteProcessMemory request was completed. (0x12B)
[0507/132939.962:WARNING:pe_image_reader.cc(340)] could not read dos header from C:\Windows\system32\sechost.dll
[0507/132939.962:ERROR:process_memory_win.cc(73)] ReadMemory at 0x7ffe87760000 of 64 bytes failed: Only part of a ReadProcessMemory or WriteProcessMemory request was completed. (0x12B)
[0507/132939.963:WARNING:pe_image_reader.cc(340)] could not read dos header from C:\Windows\system32\RPCRT4.dll
[0507/132939.963:ERROR:process_memory_win.cc(73)] ReadMemory at 0x7ffe45a70000 of 64 bytes failed: Only part of a ReadProcessMemory or WriteProcessMemory request was completed. (0x12B)
[0507/132939.963:WARNING:pe_image_reader.cc(340)] could not read dos header from C:\Program Files (x86)\Google\Chrome\Application\81.0.4044.122\chrome.dll
[0507/132939.963:ERROR:process_memory_win.cc(73)] ReadMemory at 0x7ffe87c80000 of 64 bytes failed: Only part of a ReadProcessMemory or WriteProcessMemory request was completed. (0x12B)
[0507/132939.963:WARNING:pe_image_reader.cc(340)] could not read dos header from C:\Windows\system32\WS2_32.dll
[0507/132939.963:ERROR:process_memory_win.cc(73)] ReadMemory at 0x7ffe89540000 of 64 bytes failed: Only part of a ReadProcessMemory or WriteProcessMemory request was completed. (0x12B)
[0507/132939.963:WARNING:pe_image_reader.cc(340)] could not read dos header from C:\Windows\system32\NSI.dll
[0507/132940.120:ERROR:process_memory_win.cc(73)] ReadMemory at 0x7ffe87e80000 of 64 bytes failed: Only part of a ReadProcessMemory or WriteProcessMemory request was completed. (0x12B)
[0507/132940.120:WARNING:pe_image_reader.cc(340)] could not read dos header from C:\Windows\system32\OLEAUT32.dll
[0507/132940.120:ERROR:process_memory_win.cc(73)] ReadMemory at 0x7ffe895f0000 of 64 bytes failed: Only part of a ReadProcessMemory or WriteProcessMemory request was completed. (0x12B)
[0507/132940.120:WARNING:pe_image_reader.cc(340)] could not read dos header from C:\Windows\system32\combase.dll
[0507/132940.120:ERROR:process_memory_win.cc(73)] ReadMemory at 0x7ffe86ee0000 of 64 bytes failed: Only part of a ReadProcessMemory or WriteProcessMemory request was completed. (0x12B)
[0507/132940.120:WARNING:pe_image_reader.cc(340)] could not read dos header from C:\Windows\system32\WINTRUST.dll
[0507/132940.120:ERROR:process_memory_win.cc(73)] ReadMemory at 0x7ffe862c0000 of 64 bytes failed: Only part of a ReadProcessMemory or WriteProcessMemory request was completed. (0x12B)
[0507/132940.120:WARNING:pe_image_reader.cc(340)] could not read dos header from C:\Windows\system32\MSASN1.dll
[0507/132940.120:ERROR:process_memory_win.cc(73)] ReadMemory at 0x7ffe866e0000 of 64 bytes failed: Only part of a ReadProcessMemory or WriteProcessMemory request was completed. (0x12B)
[0507/132940.120:WARNING:pe_image_reader.cc(340)] could not read dos header from C:\Windows\system32\CRYPT32.dll
[0507/132940.120:ERROR:process_memory_win.cc(73)] ReadMemory at 0x7ffe85f50000 of 64 bytes failed: Only part of a ReadProcessMemory or WriteProcessMemory request was completed. (0x12B)
[0507/132940.120:WARNING:pe_image_reader.cc(340)] could not read dos header from C:\Windows\SYSTEM32\IPHLPAPI.DLL
[0507/132940.120:ERROR:process_memory_win.cc(73)] ReadMemory at 0x7ffe7e7f0000 of 64 bytes failed: Only part of a ReadProcessMemory or WriteProcessMemory request was completed. (0x12B)
[0507/132940.120:WARNING:pe_image_reader.cc(340)] could not read dos header from C:\Windows\SYSTEM32\WINMM.dll
[0507/132940.120:ERROR:process_memory_win.cc(73)] ReadMemory at 0x7ffe875b0000 of 64 bytes failed: Only part of a ReadProcessMemory or WriteProcessMemory request was completed. (0x12B)
[0507/132940.120:WARNING:pe_image_reader.cc(340)] could not read dos header from C:\Windows\system32\USER32.dll
[0507/132940.120:ERROR:process_memory_win.cc(73)] ReadMemory at 0x7ffe87380000 of 64 bytes failed: Only part of a ReadProcessMemory or WriteProcessMemory request was completed. (0x12B)
[0507/132940.120:WARNING:pe_image_reader.cc(340)] could not read dos header from C:\Windows\system32\GDI32.dll
[0507/132940.121:ERROR:process_memory_win.cc(73)] ReadMemory at 0x7ffe7ab30000 of 64 bytes failed: Only part of a ReadProcessMemory or WriteProcessMemory request was completed. (0x12B)
[0507/132940.121:WARNING:pe_image_reader.cc(340)] could not read dos header from C:\Windows\SYSTEM32\Secur32.dll
[0507/132940.121:ERROR:process_memory_win.cc(73)] ReadMemory at 0x7ffe85630000 of 64 bytes failed: Only part of a ReadProcessMemory or WriteProcessMemory request was completed. (0x12B)
[0507/132940.121:WARNING:pe_image_reader.cc(340)] could not read dos header from C:\Windows\SYSTEM32\USERENV.dll
[0507/132940.121:ERROR:process_memory_win.cc(73)] ReadMemory at 0x7ffe862a0000 of 64 bytes failed: Only part of a ReadProcessMemory or WriteProcessMemory request was completed. (0x12B)
[0507/132940.121:WARNING:pe_image_reader.cc(340)] could not read dos header from C:\Windows\system32\profapi.dll
[0507/132940.121:ERROR:process_memory_win.cc(73)] ReadMemory at 0x7ffe6f040000 of 64 bytes failed: Only part of a ReadProcessMemory or WriteProcessMemory request was completed. (0x12B)
[0507/132940.121:WARNING:pe_image_reader.cc(340)] could not read dos header from C:\Windows\SYSTEM32\UIAutomationCore.DLL
[0507/132940.121:ERROR:process_memory_win.cc(73)] ReadMemory at 0x7ffe80030000 of 64 bytes failed: Only part of a ReadProcessMemory or WriteProcessMemory request was completed. (0x12B)
[0507/132940.121:WARNING:pe_image_reader.cc(340)] could not read dos header from C:\Windows\SYSTEM32\DWrite.dll
[0507/132940.121:ERROR:process_memory_win.cc(73)] ReadMemory at 0x7ffe6eb80000 of 64 bytes failed: Only part of a ReadProcessMemory or WriteProcessMemory request was completed. (0x12B)
[0507/132940.121:WARNING:pe_image_reader.cc(340)] could not read dos header from C:\Windows\SYSTEM32\WINSPOOL.DRV
[0507/132940.121:ERROR:process_memory_win.cc(73)] ReadMemory at 0x7ffe6d0b0000 of 64 bytes failed: Only part of a ReadProcessMemory or WriteProcessMemory request was completed. (0x12B)
[0507/132940.121:WARNING:pe_image_reader.cc(340)] could not read dos header from C:\Windows\SYSTEM32\dbghelp.dll
[0507/132940.121:ERROR:process_memory_win.cc(73)] ReadMemory at 0x7ffe80fb0000 of 64 bytes failed: Only part of a ReadProcessMemory or WriteProcessMemory request was completed. (0x12B)
[0507/132940.121:WARNING:pe_image_reader.cc(340)] could not read dos header from C:\Windows\SYSTEM32\WINHTTP.dll
[0507/132940.121:ERROR:process_memory_win.cc(73)] ReadMemory at 0x7ffe85d80000 of 64 bytes failed: Only part of a ReadProcessMemory or WriteProcessMemory request was completed. (0x12B)
[0507/132940.121:WARNING:pe_image_reader.cc(340)] could not read dos header from C:\Windows\SYSTEM32\dhcpcsvc.DLL
[0507/132940.121:ERROR:process_memory_win.cc(73)] ReadMemory at 0x7ffe82e50000 of 64 bytes failed: Only part of a ReadProcessMemory or WriteProcessMemory request was completed. (0x12B)
[0507/132940.121:WARNING:pe_image_reader.cc(340)] could not read dos header from C:\Windows\SYSTEM32\WINNSI.DLL
[0507/132940.121:ERROR:process_memory_win.cc(73)] ReadMemory at 0x7ffe7e7c0000 of 64 bytes failed: Only part of a ReadProcessMemory or WriteProcessMemory request was completed. (0x12B)
[0507/132940.121:WARNING:pe_image_reader.cc(340)] could not read dos header from C:\Windows\SYSTEM32\WINMMBASE.dll
[0507/132940.121:ERROR:process_memory_win.cc(73)] ReadMemory at 0x7ffe86690000 of 64 bytes failed: Only part of a ReadProcessMemory or WriteProcessMemory request was completed. (0x12B)
[0507/132940.121:WARNING:pe_image_reader.cc(340)] could not read dos header from C:\Windows\system32\cfgmgr32.dll
[0507/132940.121:ERROR:process_memory_win.cc(73)] ReadMemory at 0x7ffe861d0000 of 64 bytes failed: Only part of a ReadProcessMemory or WriteProcessMemory request was completed. (0x12B)
[0507/132940.123:WARNING:pe_image_reader.cc(340)] could not read dos header from C:\Windows\SYSTEM32\bcrypt.dll
[0507/132940.123:ERROR:process_memory_win.cc(73)] ReadMemory at 0x7ffe86060000 of 64 bytes failed: Only part of a ReadProcessMemory or WriteProcessMemory request was completed. (0x12B)
[0507/132940.123:WARNING:pe_image_reader.cc(340)] could not read dos header from C:\Windows\SYSTEM32\DEVOBJ.dll
[0507/132940.123:ERROR:process_memory_win.cc(73)] ReadMemory at 0x7ffe85bd0000 of 64 bytes failed: Only part of a ReadProcessMemory or WriteProcessMemory request was completed. (0x12B)
[0507/132940.123:WARNING:pe_image_reader.cc(340)] could not read dos header from C:\Windows\SYSTEM32\SSPICLI.DLL
[0507/132940.123:ERROR:process_memory_win.cc(73)] ReadMemory at 0xa1a9410000 of 64 bytes failed: Only part of a ReadProcessMemory or WriteProcessMemory request was completed. (0x12B)
[0507/132940.123:WARNING:pe_image_reader.cc(340)] could not read dos header from C:\Windows\system32\IMM32.DLL
[0507/132940.123:ERROR:process_memory_win.cc(73)] ReadMemory at 0x7ffe86f40000 of 64 bytes failed: Only part of a ReadProcessMemory or WriteProcessMemory request was completed. (0x12B)
[0507/132940.123:WARNING:pe_image_reader.cc(340)] could not read dos header from C:\Windows\system32\MSCTF.dll
[0507/132940.123:ERROR:process_memory_win.cc(73)] ReadMemory at 0x7ffe860c0000 of 64 bytes failed: Only part of a ReadProcessMemory or WriteProcessMemory request was completed. (0x12B)
[0507/132940.123:WARNING:pe_image_reader.cc(340)] could not read dos header from C:\Windows\SYSTEM32\bcryptPrimitives.dll
[0507/132940.123:ERROR:process_memory_win.cc(73)] ReadMemory at 0x7ffe85970000 of 64 bytes failed: Only part of a ReadProcessMemory or WriteProcessMemory request was completed. (0x12B)
[0507/132940.123:WARNING:pe_image_reader.cc(340)] could not read dos header from C:\Windows\SYSTEM32\CRYPTBASE.DLL
[0507/132940.123:ERROR:process_memory_win.cc(73)] ReadMemory at 0x7ff66d360000 of 64 bytes failed: Only part of a ReadProcessMemory or WriteProcessMemory request was completed. (0x12B)
[0507/132940.123:WARNING:pe_image_reader.cc(340)] could not read dos header from C:\Program Files (x86)\Google\Chrome\Application\chrome.exe
[0507/132940.123:ERROR:process_memory_win.cc(73)] ReadMemory at 0x7ffe89870000 of 64 bytes failed: Only part of a ReadProcessMemory or WriteProcessMemory request was completed. (0x12B)
[0507/132940.123:WARNING:pe_image_reader.cc(340)] could not read dos header from C:\Windows\SYSTEM32\ntdll.dll
[0507/132940.123:ERROR:process_memory_win.cc(73)] ReadMemory at 0x7ffe87250000 of 64 bytes failed: Only part of a ReadProcessMemory or WriteProcessMemory request was completed. (0x12B)
[0507/132940.123:WARNING:pe_image_reader.cc(340)] could not read dos header from C:\Windows\system32\KERNEL32.DLL
[0507/132940.123:ERROR:process_memory_win.cc(73)] ReadMemory at 0x7ffe864b0000 of 64 bytes failed: Only part of a ReadProcessMemory or WriteProcessMemory request was completed. (0x12B)
[0507/132940.123:WARNING:pe_image_reader.cc(340)] could not read dos header from C:\Windows\system32\KERNELBASE.dll
[0507/132940.123:ERROR:process_memory_win.cc(73)] ReadMemory at 0x7ffe666f0000 of 64 bytes failed: Only part of a ReadProcessMemory or WriteProcessMemory request was completed. (0x12B)
[0507/132940.123:WARNING:pe_image_reader.cc(340)] could not read dos header from C:\Program Files (x86)\Google\Chrome\Application\81.0.4044.122\chrome_elf.dll
[0507/132940.123:ERROR:process_memory_win.cc(73)] ReadMemory at 0x7ffe7d1f0000 of 64 bytes failed: Only part of a ReadProcessMemory or WriteProcessMemory request was completed. (0x12B)
[0507/132940.123:WARNING:pe_image_reader.cc(340)] could not read dos header from C:\Windows\SYSTEM32\VERSION.dll
[0507/132940.123:ERROR:process_memory_win.cc(73)] ReadMemory at 0x7ffe89550000 of 64 bytes failed: Only part of a ReadProcessMemory or WriteProcessMemory request was completed. (0x12B)
[0507/132940.123:WARNING:pe_image_reader.cc(340)] could not read dos header from C:\Windows\system32\msvcrt.dll
[0507/132940.123:ERROR:process_memory_win.cc(73)] ReadMemory at 0x7ffe87dd0000 of 64 bytes failed: Only part of a ReadProcessMemory or WriteProcessMemory request was completed. (0x12B)
[0507/132940.123:WARNING:pe_image_reader.cc(340)] could not read dos header from C:\Windows\system32\ADVAPI32.dll
[0507/132940.123:ERROR:process_memory_win.cc(73)] ReadMemory at 0x7ffe87320000 of 64 bytes failed: Only part of a ReadProcessMemory or WriteProcessMemory request was completed. (0x12B)
[0507/132940.124:WARNING:pe_image_reader.cc(340)] could not read dos header from C:\Windows\system32\sechost.dll
[0507/132940.124:ERROR:process_memory_win.cc(73)] ReadMemory at 0x7ffe87760000 of 64 bytes failed: Only part of a ReadProcessMemory or WriteProcessMemory request was completed. (0x12B)
[0507/132940.124:WARNING:pe_image_reader.cc(340)] could not read dos header from C:\Windows\system32\RPCRT4.dll
[0507/132940.124:ERROR:process_memory_win.cc(73)] ReadMemory at 0x7ffe45a70000 of 64 bytes failed: Only part of a ReadProcessMemory or WriteProcessMemory request was completed. (0x12B)
[0507/132940.124:WARNING:pe_image_reader.cc(340)] could not read dos header from C:\Program Files (x86)\Google\Chrome\Application\81.0.4044.122\chrome.dll
[0507/132940.124:ERROR:process_memory_win.cc(73)] ReadMemory at 0x7ffe87c80000 of 64 bytes failed: Only part of a ReadProcessMemory or WriteProcessMemory request was completed. (0x12B)
[0507/132940.124:WARNING:pe_image_reader.cc(340)] could not read dos header from C:\Windows\system32\WS2_32.dll
[0507/132940.124:ERROR:process_memory_win.cc(73)] ReadMemory at 0x7ffe89540000 of 64 bytes failed: Only part of a ReadProcessMemory or WriteProcessMemory request was completed. (0x12B)
[0507/132940.124:WARNING:pe_image_reader.cc(340)] could not read dos header from C:\Windows\system32\NSI.dll
[0507/132940.124:ERROR:process_memory_win.cc(73)] ReadMemory at 0x7ffe87e80000 of 64 bytes failed: Only part of a ReadProcessMemory or WriteProcessMemory request was completed. (0x12B)
[0507/132940.124:WARNING:pe_image_reader.cc(340)] could not read dos header from C:\Windows\system32\OLEAUT32.dll
[0507/132940.124:ERROR:process_memory_win.cc(73)] ReadMemory at 0x7ffe895f0000 of 64 bytes failed: Only part of a ReadProcessMemory or WriteProcessMemory request was completed. (0x12B)
[0507/132940.124:WARNING:pe_image_reader.cc(340)] could not read dos header from C:\Windows\system32\combase.dll
[0507/132940.124:ERROR:process_memory_win.cc(73)] ReadMemory at 0x7ffe86ee0000 of 64 bytes failed: Only part of a ReadProcessMemory or WriteProcessMemory request was completed. (0x12B)
[0507/132940.124:WARNING:pe_image_reader.cc(340)] could not read dos header from C:\Windows\system32\WINTRUST.dll
[0507/132940.124:ERROR:process_memory_win.cc(73)] ReadMemory at 0x7ffe862c0000 of 64 bytes failed: Only part of a ReadProcessMemory or WriteProcessMemory request was completed. (0x12B)
[0507/132940.124:WARNING:pe_image_reader.cc(340)] could not read dos header from C:\Windows\system32\MSASN1.dll
[0507/132940.125:ERROR:process_memory_win.cc(73)] ReadMemory at 0x7ffe866e0000 of 64 bytes failed: Only part of a ReadProcessMemory or WriteProcessMemory request was completed. (0x12B)
[0507/132940.125:WARNING:pe_image_reader.cc(340)] could not read dos header from C:\Windows\system32\CRYPT32.dll
[0507/132940.125:ERROR:process_memory_win.cc(73)] ReadMemory at 0x7ffe85f50000 of 64 bytes failed: Only part of a ReadProcessMemory or WriteProcessMemory request was completed. (0x12B)
[0507/132940.125:WARNING:pe_image_reader.cc(340)] could not read dos header from C:\Windows\SYSTEM32\IPHLPAPI.DLL
[0507/132940.125:ERROR:process_memory_win.cc(73)] ReadMemory at 0x7ffe7e7f0000 of 64 bytes failed: Only part of a ReadProcessMemory or WriteProcessMemory request was completed. (0x12B)
[0507/132940.125:WARNING:pe_image_reader.cc(340)] could not read dos header from C:\Windows\SYSTEM32\WINMM.dll
[0507/132940.125:ERROR:process_memory_win.cc(73)] ReadMemory at 0x7ffe875b0000 of 64 bytes failed: Only part of a ReadProcessMemory or WriteProcessMemory request was completed. (0x12B)
[0507/132940.125:WARNING:pe_image_reader.cc(340)] could not read dos header from C:\Windows\system32\USER32.dll
[0507/132940.125:ERROR:process_memory_win.cc(73)] ReadMemory at 0x7ffe87380000 of 64 bytes failed: Only part of a ReadProcessMemory or WriteProcessMemory request was completed. (0x12B)
[0507/132940.125:WARNING:pe_image_reader.cc(340)] could not read dos header from C:\Windows\system32\GDI32.dll
[0507/132940.125:ERROR:process_memory_win.cc(73)] ReadMemory at 0x7ffe7ab30000 of 64 bytes failed: Only part of a ReadProcessMemory or WriteProcessMemory request was completed. (0x12B)
[0507/132940.125:WARNING:pe_image_reader.cc(340)] could not read dos header from C:\Windows\SYSTEM32\Secur32.dll
[0507/132940.125:ERROR:process_memory_win.cc(73)] ReadMemory at 0x7ffe85630000 of 64 bytes failed: Only part of a ReadProcessMemory or WriteProcessMemory request was completed. (0x12B)
[0507/132940.125:WARNING:pe_image_reader.cc(340)] could not read dos header from C:\Windows\SYSTEM32\USERENV.dll
[0507/132940.125:ERROR:process_memory_win.cc(73)] ReadMemory at 0x7ffe862a0000 of 64 bytes failed: Only part of a ReadProcessMemory or WriteProcessMemory request was completed. (0x12B)
[0507/132940.125:WARNING:pe_image_reader.cc(340)] could not read dos header from C:\Windows\system32\profapi.dll
[0507/132940.125:ERROR:process_memory_win.cc(73)] ReadMemory at 0x7ffe6f040000 of 64 bytes failed: Only part of a ReadProcessMemory or WriteProcessMemory request was completed. (0x12B)
[0507/132940.126:WARNING:pe_image_reader.cc(340)] could not read dos header from C:\Windows\SYSTEM32\UIAutomationCore.DLL
[0507/132940.126:ERROR:process_memory_win.cc(73)] ReadMemory at 0x7ffe80030000 of 64 bytes failed: Only part of a ReadProcessMemory or WriteProcessMemory request was completed. (0x12B)
[0507/132940.126:WARNING:pe_image_reader.cc(340)] could not read dos header from C:\Windows\SYSTEM32\DWrite.dll
[0507/132940.126:ERROR:process_memory_win.cc(73)] ReadMemory at 0x7ffe6eb80000 of 64 bytes failed: Only part of a ReadProcessMemory or WriteProcessMemory request was completed. (0x12B)
[0507/132940.126:WARNING:pe_image_reader.cc(340)] could not read dos header from C:\Windows\SYSTEM32\WINSPOOL.DRV
[0507/132940.126:ERROR:process_memory_win.cc(73)] ReadMemory at 0x7ffe6d0b0000 of 64 bytes failed: Only part of a ReadProcessMemory or WriteProcessMemory request was completed. (0x12B)
[0507/132940.126:WARNING:pe_image_reader.cc(340)] could not read dos header from C:\Windows\SYSTEM32\dbghelp.dll
[0507/132940.126:ERROR:process_memory_win.cc(73)] ReadMemory at 0x7ffe80fb0000 of 64 bytes failed: Only part of a ReadProcessMemory or WriteProcessMemory request was completed. (0x12B)
[0507/132940.126:WARNING:pe_image_reader.cc(340)] could not read dos header from C:\Windows\SYSTEM32\WINHTTP.dll
[0507/132940.126:ERROR:process_memory_win.cc(73)] ReadMemory at 0x7ffe85d80000 of 64 bytes failed: Only part of a ReadProcessMemory or WriteProcessMemory request was completed. (0x12B)
[0507/132940.126:WARNING:pe_image_reader.cc(340)] could not read dos header from C:\Windows\SYSTEM32\dhcpcsvc.DLL
[0507/132940.126:ERROR:process_memory_win.cc(73)] ReadMemory at 0x7ffe82e50000 of 64 bytes failed: Only part of a ReadProcessMemory or WriteProcessMemory request was completed. (0x12B)
[0507/132940.126:WARNING:pe_image_reader.cc(340)] could not read dos header from C:\Windows\SYSTEM32\WINNSI.DLL
[0507/132940.126:ERROR:process_memory_win.cc(73)] ReadMemory at 0x7ffe7e7c0000 of 64 bytes failed: Only part of a ReadProcessMemory or WriteProcessMemory request was completed. (0x12B)
[0507/132940.126:WARNING:pe_image_reader.cc(340)] could not read dos header from C:\Windows\SYSTEM32\WINMMBASE.dll
[0507/132940.127:ERROR:process_memory_win.cc(73)] ReadMemory at 0x7ffe86690000 of 64 bytes failed: Only part of a ReadProcessMemory or WriteProcessMemory request was completed. (0x12B)
[0507/132940.127:WARNING:pe_image_reader.cc(340)] could not read dos header from C:\Windows\system32\cfgmgr32.dll
[0507/132940.127:ERROR:process_memory_win.cc(73)] ReadMemory at 0x7ffe861d0000 of 64 bytes failed: Only part of a ReadProcessMemory or WriteProcessMemory request was completed. (0x12B)
[0507/132940.127:WARNING:pe_image_reader.cc(340)] could not read dos header from C:\Windows\SYSTEM32\bcrypt.dll
[0507/132940.127:ERROR:process_memory_win.cc(73)] ReadMemory at 0x7ffe86060000 of 64 bytes failed: Only part of a ReadProcessMemory or WriteProcessMemory request was completed. (0x12B)
[0507/132940.127:WARNING:pe_image_reader.cc(340)] could not read dos header from C:\Windows\SYSTEM32\DEVOBJ.dll
[0507/132940.127:ERROR:process_memory_win.cc(73)] ReadMemory at 0x7ffe85bd0000 of 64 bytes failed: Only part of a ReadProcessMemory or WriteProcessMemory request was completed. (0x12B)
[0507/132940.127:WARNING:pe_image_reader.cc(340)] could not read dos header from C:\Windows\SYSTEM32\SSPICLI.DLL
[0507/132940.127:ERROR:process_memory_win.cc(73)] ReadMemory at 0xa1a9410000 of 64 bytes failed: Only part of a ReadProcessMemory or WriteProcessMemory request was completed. (0x12B)
[0507/132940.127:WARNING:pe_image_reader.cc(340)] could not read dos header from C:\Windows\system32\IMM32.DLL
[0507/132940.127:ERROR:process_memory_win.cc(73)] ReadMemory at 0x7ffe86f40000 of 64 bytes failed: Only part of a ReadProcessMemory or WriteProcessMemory request was completed. (0x12B)
[0507/132940.127:WARNING:pe_image_reader.cc(340)] could not read dos header from C:\Windows\system32\MSCTF.dll
[0507/132940.127:ERROR:process_memory_win.cc(73)] ReadMemory at 0x7ffe860c0000 of 64 bytes failed: Only part of a ReadProcessMemory or WriteProcessMemory request was completed. (0x12B)
[0507/132940.127:WARNING:pe_image_reader.cc(340)] could not read dos header from C:\Windows\SYSTEM32\bcryptPrimitives.dll
[0507/132940.127:ERROR:process_memory_win.cc(73)] ReadMemory at 0x7ffe85970000 of 64 bytes failed: Only part of a ReadProcessMemory or WriteProcessMemory request was completed. (0x12B)
[0507/132940.127:WARNING:pe_image_reader.cc(340)] could not read dos header from C:\Windows\SYSTEM32\CRYPTBASE.DLL
[0507/132940.789:ERROR:process_memory_win.cc(73)] ReadMemory at 0xa1a910b000 of 86016 bytes failed: Only part of a ReadProcessMemory or WriteProcessMemory request was completed. (0x12B)
[0507/132940.790:ERROR:process_memory_win.cc(73)] ReadMemory at 0xa1ab88d000 of 12288 bytes failed: Only part of a ReadProcessMemory or WriteProcessMemory request was completed. (0x12B)
[0507/132940.790:ERROR:process_memory_win.cc(73)] ReadMemory at 0xa1ac88c000 of 16384 bytes failed: Only part of a ReadProcessMemory or WriteProcessMemory request was completed. (0x12B)
[0507/132940.790:ERROR:process_memory_win.cc(73)] ReadMemory at 0xa1ad08c000 of 16384 bytes failed: Only part of a ReadProcessMemory or WriteProcessMemory request was completed. (0x12B)
[0507/132940.790:ERROR:process_memory_win.cc(73)] ReadMemory at 0xa1ad88e000 of 8192 bytes failed: Only part of a ReadProcessMemory or WriteProcessMemory request was completed. (0x12B)
[0507/132940.790:ERROR:process_memory_win.cc(73)] ReadMemory at 0xa1ae08c000 of 16384 bytes failed: Only part of a ReadProcessMemory or WriteProcessMemory request was completed. (0x12B)
[0507/132940.790:ERROR:process_memory_win.cc(73)] ReadMemory at 0xa1aea8b000 of 20480 bytes failed: Only part of a ReadProcessMemory or WriteProcessMemory request was completed. (0x12B)
[0507/132940.791:ERROR:process_memory_win.cc(73)] ReadMemory at 0xa1b028d000 of 12288 bytes failed: Only part of a ReadProcessMemory or WriteProcessMemory request was completed. (0x12B)
[0507/132940.791:ERROR:process_memory_win.cc(73)] ReadMemory at 0xa1b0a88000 of 32768 bytes failed: Only part of a ReadProcessMemory or WriteProcessMemory request was completed. (0x12B)
[0507/132940.791:ERROR:process_memory_win.cc(73)] ReadMemory at 0xa1b1288000 of 32768 bytes failed: Only part of a ReadProcessMemory or WriteProcessMemory request was completed. (0x12B)
[0507/132940.791:ERROR:process_memory_win.cc(73)] ReadMemory at 0xa1b1c8c000 of 16384 bytes failed: Only part of a ReadProcessMemory or WriteProcessMemory request was completed. (0x12B)
[0507/132940.791:ERROR:process_memory_win.cc(73)] ReadMemory at 0xa1b782d000 of 12288 bytes failed: Only part of a ReadProcessMemory or WriteProcessMemory request was completed. (0x12B)
[0507/132940.791:ERROR:process_memory_win.cc(73)] ReadMemory at 0xa1ac08d000 of 12288 bytes failed: Only part of a ReadProcessMemory or WriteProcessMemory request was completed. (0x12B)
[0507/132940.791:ERROR:process_memory_win.cc(73)] ReadMemory at 0xa1b491e000 of 8192 bytes failed: Only part of a ReadProcessMemory or WriteProcessMemory request was completed. (0x12B)
[0507/132940.792:ERROR:process_memory_win.cc(73)] ReadMemory at 0xa1a9270860 of 4714 bytes failed: Only part of a ReadProcessMemory or WriteProcessMemory request was completed. (0x12B)
[0507/132940.792:ERROR:process_memory_win.cc(73)] ReadMemory at 0xa1a9271ae0 of 1012 bytes failed: Only part of a ReadProcessMemory or WriteProcessMemory request was completed. (0x12B)
[0507/132940.884:ERROR:process_memory_win.cc(73)] ReadMemory at 0xa1a92720f8 of 118 bytes failed: Only part of a ReadProcessMemory or WriteProcessMemory request was completed. (0x12B)
[0507/132940.884:ERROR:process_memory_win.cc(73)] ReadMemory at 0xa1a9272170 of 754 bytes failed: Only part of a ReadProcessMemory or WriteProcessMemory request was completed. (0x12B)
[0507/132940.884:ERROR:process_memory_win.cc(73)] ReadMemory at 0xa1a9272464 of 118 bytes failed: Only part of a ReadProcessMemory or WriteProcessMemory request was completed. (0x12B)
[0507/132940.884:ERROR:process_memory_win.cc(73)] ReadMemory at 0xa1a92724dc of 100 bytes failed: Only part of a ReadProcessMemory or WriteProcessMemory request was completed. (0x12B)
[0507/132940.885:ERROR:process_memory_win.cc(73)] ReadMemory at 0xa1a9272550 of 58 bytes failed: Only part of a ReadProcessMemory or WriteProcessMemory request was completed. (0x12B)
[0507/132940.885:ERROR:process_memory_win.cc(73)] ReadMemory at 0xa1a9272650 of 132 bytes failed: Only part of a ReadProcessMemory or WriteProcessMemory request was completed. (0x12B)
[0507/132940.885:ERROR:process_memory_win.cc(73)] ReadMemory at 0xa1a92727d0 of 132 bytes failed: Only part of a ReadProcessMemory or WriteProcessMemory request was completed. (0x12B)
[0507/132940.885:ERROR:process_memory_win.cc(73)] ReadMemory at 0xa1a9272980 of 126 bytes failed: Only part of a ReadProcessMemory or WriteProcessMemory request was completed. (0x12B)
[0507/132940.885:ERROR:process_memory_win.cc(73)] ReadMemory at 0xa1a9272d30 of 132 bytes failed: Only part of a ReadProcessMemory or WriteProcessMemory request was completed. (0x12B)
[0507/132940.886:ERROR:process_memory_win.cc(73)] ReadMemory at 0xa1a9272eb0 of 64 bytes failed: Only part of a ReadProcessMemory or WriteProcessMemory request was completed. (0x12B)
[0507/132940.886:ERROR:process_memory_win.cc(73)] ReadMemory at 0xa1a9272fb0 of 132 bytes failed: Only part of a ReadProcessMemory or WriteProcessMemory request was completed. (0x12B)
[0507/132940.996:ERROR:process_memory_win.cc(73)] ReadMemory at 0xa1a92731f0 of 132 bytes failed: Only part of a ReadProcessMemory or WriteProcessMemory request was completed. (0x12B)
[0507/132940.997:ERROR:process_memory_win.cc(73)] ReadMemory at 0xa1a9273370 of 68 bytes failed: Only part of a ReadProcessMemory or WriteProcessMemory request was completed. (0x12B)
[0507/132940.997:ERROR:process_memory_win.cc(73)] ReadMemory at 0xa1a9274470 of 132 bytes failed: Only part of a ReadProcessMemory or WriteProcessMemory request was completed. (0x12B)
[0507/132940.997:ERROR:process_memory_win.cc(73)] ReadMemory at 0xa1a9274650 of 132 bytes failed: Only part of a ReadProcessMemory or WriteProcessMemory request was completed. (0x12B)
[0507/132940.997:ERROR:process_memory_win.cc(73)] ReadMemory at 0xa1a9274770 of 154 bytes failed: Only part of a ReadProcessMemory or WriteProcessMemory request was completed. (0x12B)
[0507/132940.997:ERROR:process_memory_win.cc(73)] ReadMemory at 0xa1a92754d0 of 62 bytes failed: Only part of a ReadProcessMemory or WriteProcessMemory request was completed. (0x12B)
[0507/132940.997:ERROR:process_memory_win.cc(73)] ReadMemory at 0xa1a92755e0 of 132 bytes failed: Only part of a ReadProcessMemory or WriteProcessMemory request was completed. (0x12B)
[0507/132940.997:ERROR:process_memory_win.cc(73)] ReadMemory at 0xa1a9275760 of 60 bytes failed: Only part of a ReadProcessMemory or WriteProcessMemory request was completed. (0x12B)
[0507/132940.997:ERROR:process_memory_win.cc(73)] ReadMemory at 0xa1a9275810 of 62 bytes failed: Only part of a ReadProcessMemory or WriteProcessMemory request was completed. (0x12B)
[0507/132940.997:ERROR:process_memory_win.cc(73)] ReadMemory at 0xa1a9277970 of 132 bytes failed: Only part of a ReadProcessMemory or WriteProcessMemory request was completed. (0x12B)
[0507/132940.997:ERROR:process_memory_win.cc(73)] ReadMemory at 0xa1a9277a90 of 132 bytes failed: Only part of a ReadProcessMemory or WriteProcessMemory request was completed. (0x12B)
[0507/132940.997:ERROR:process_memory_win.cc(73)] ReadMemory at 0xa1a9277c10 of 60 bytes failed: Only part of a ReadProcessMemory or WriteProcessMemory request was completed. (0x12B)
[0507/132940.998:ERROR:process_memory_win.cc(73)] ReadMemory at 0xa1a9277cc0 of 54 bytes failed: Only part of a ReadProcessMemory or WriteProcessMemory request was completed. (0x12B)
[0507/132940.998:ERROR:process_memory_win.cc(73)] ReadMemory at 0xa1a9277fe0 of 64 bytes failed: Only part of a ReadProcessMemory or WriteProcessMemory request was completed. (0x12B)
[0507/132940.998:ERROR:process_memory_win.cc(73)] ReadMemory at 0xa1a927a4f0 of 146 bytes failed: Only part of a ReadProcessMemory or WriteProcessMemory request was completed. (0x12B)
[0507/132940.998:ERROR:process_memory_win.cc(73)] ReadMemory at 0xa1a927c6a0 of 132 bytes failed: Only part of a ReadProcessMemory or WriteProcessMemory request was completed. (0x12B)
[0507/132940.998:ERROR:process_memory_win.cc(73)] ReadMemory at 0xa1a927ddf0 of 132 bytes failed: Only part of a ReadProcessMemory or WriteProcessMemory request was completed. (0x12B)
[0507/132941.103:ERROR:process_memory_win.cc(73)] ReadMemory at 0xa1a927df10 of 60 bytes failed: Only part of a ReadProcessMemory or WriteProcessMemory request was completed. (0x12B)
[0507/132941.104:ERROR:process_memory_win.cc(73)] ReadMemory at 0xa1a927dfd0 of 132 bytes failed: Only part of a ReadProcessMemory or WriteProcessMemory request was completed. (0x12B)
[0507/132941.104:ERROR:process_memory_win.cc(73)] ReadMemory at 0xa1a927e500 of 132 bytes failed: Only part of a ReadProcessMemory or WriteProcessMemory request was completed. (0x12B)
[0507/132941.104:ERROR:process_memory_win.cc(73)] ReadMemory at 0xa1a927e620 of 132 bytes failed: Only part of a ReadProcessMemory or WriteProcessMemory request was completed. (0x12B)
[0507/132941.104:ERROR:process_memory_win.cc(73)] ReadMemory at 0xa1a927efa0 of 62 bytes failed: Only part of a ReadProcessMemory or WriteProcessMemory request was completed. (0x12B)
[0507/132941.104:ERROR:process_memory_win.cc(73)] ReadMemory at 0xa1a927eff0 of 64 bytes failed: Only part of a ReadProcessMemory or WriteProcessMemory request was completed. (0x12B)
[0507/132941.104:ERROR:process_memory_win.cc(73)] ReadMemory at 0xa1a927f040 of 58 bytes failed: Only part of a ReadProcessMemory or WriteProcessMemory request was completed. (0x12B)
[0507/132941.104:ERROR:process_memory_win.cc(73)] ReadMemory at 0xa1a927f090 of 62 bytes failed: Only part of a ReadProcessMemory or WriteProcessMemory request was completed. (0x12B)
[0507/132941.104:ERROR:process_memory_win.cc(73)] ReadMemory at 0xa1a927f0e0 of 60 bytes failed: Only part of a ReadProcessMemory or WriteProcessMemory request was completed. (0x12B)
[0507/132941.273:ERROR:process_memory_win.cc(73)] ReadMemory at 0xa1a927f130 of 64 bytes failed: Only part of a ReadProcessMemory or WriteProcessMemory request was completed. (0x12B)
[0507/132941.274:ERROR:process_memory_win.cc(73)] ReadMemory at 0xa1a927f180 of 62 bytes failed: Only part of a ReadProcessMemory or WriteProcessMemory request was completed. (0x12B)
[0507/132941.274:ERROR:process_memory_win.cc(73)] ReadMemory at 0xa1a927f1d0 of 62 bytes failed: Only part of a ReadProcessMemory or WriteProcessMemory request was completed. (0x12B)
[0507/132941.445:ERROR:process_memory_win.cc(73)] ReadMemory at 0xa1a927f220 of 60 bytes failed: Only part of a ReadProcessMemory or WriteProcessMemory request was completed. (0x12B)
[0507/132941.558:ERROR:process_memory_win.cc(73)] ReadMemory at 0xa1a927f270 of 64 bytes failed: Only part of a ReadProcessMemory or WriteProcessMemory request was completed. (0x12B)
[0507/132941.558:ERROR:process_memory_win.cc(73)] ReadMemory at 0xa1a927f2c0 of 60 bytes failed: Only part of a ReadProcessMemory or WriteProcessMemory request was completed. (0x12B)
[0507/132941.559:ERROR:process_memory_win.cc(73)] ReadMemory at 0xa1a927f310 of 64 bytes failed: Only part of a ReadProcessMemory or WriteProcessMemory request was completed. (0x12B)
[0507/132941.559:ERROR:process_memory_win.cc(73)] ReadMemory at 0xa1a927f360 of 62 bytes failed: Only part of a ReadProcessMemory or WriteProcessMemory request was completed. (0x12B)
[0507/132941.559:ERROR:process_memory_win.cc(73)] ReadMemory at 0xa1a927f3b0 of 64 bytes failed: Only part of a ReadProcessMemory or WriteProcessMemory request was completed. (0x12B)
[0507/132941.559:ERROR:process_memory_win.cc(73)] ReadMemory at 0xa1a927f400 of 66 bytes failed: Only part of a ReadProcessMemory or WriteProcessMemory request was completed. (0x12B)
[0507/132941.559:ERROR:process_memory_win.cc(73)] ReadMemory at 0xa1a927f450 of 60 bytes failed: Only part of a ReadProcessMemory or WriteProcessMemory request was completed. (0x12B)
[0507/132941.559:ERROR:process_memory_win.cc(73)] ReadMemory at 0xa1a927f4a0 of 64 bytes failed: Only part of a ReadProcessMemory or WriteProcessMemory request was completed. (0x12B)
[0507/132941.559:ERROR:process_memory_win.cc(73)] ReadMemory at 0xa1a927f4f0 of 62 bytes failed: Only part of a ReadProcessMemory or WriteProcessMemory request was completed. (0x12B)
[0507/132941.559:ERROR:process_memory_win.cc(73)] ReadMemory at 0xa1a927f540 of 62 bytes failed: Only part of a ReadProcessMemory or WriteProcessMemory request was completed. (0x12B)
[0507/132941.560:ERROR:process_memory_win.cc(73)] ReadMemory at 0xa1a927f590 of 62 bytes failed: Only part of a ReadProcessMemory or WriteProcessMemory request was completed. (0x12B)
[0507/132941.560:ERROR:process_memory_win.cc(73)] ReadMemory at 0xa1a927f630 of 58 bytes failed: Only part of a ReadProcessMemory or WriteProcessMemory request was completed. (0x12B)
[0507/132941.560:ERROR:process_memory_win.cc(73)] ReadMemory at 0xa1a927f680 of 60 bytes failed: Only part of a ReadProcessMemory or WriteProcessMemory request was completed. (0x12B)
[0507/132941.560:ERROR:process_memory_win.cc(73)] ReadMemory at 0xa1a927f6d0 of 60 bytes failed: Only part of a ReadProcessMemory or WriteProcessMemory request was completed. (0x12B)
[0507/132941.560:ERROR:process_memory_win.cc(73)] ReadMemory at 0xa1a927f850 of 132 bytes failed: Only part of a ReadProcessMemory or WriteProcessMemory request was completed. (0x12B)
[0507/132941.560:ERROR:process_memory_win.cc(73)] ReadMemory at 0xa1a927fae0 of 132 bytes failed: Only part of a ReadProcessMemory or WriteProcessMemory request was completed. (0x12B)
[0507/132941.560:ERROR:process_memory_win.cc(73)] ReadMemory at 0xa1a927fc00 of 132 bytes failed: Only part of a ReadProcessMemory or WriteProcessMemory request was completed. (0x12B)
[0507/132941.560:ERROR:process_memory_win.cc(73)] ReadMemory at 0xa1a927fd20 of 132 bytes failed: Only part of a ReadProcessMemory or WriteProcessMemory request was completed. (0x12B)
[0507/132941.560:ERROR:process_memory_win.cc(73)] ReadMemory at 0xa1a927fe40 of 132 bytes failed: Only part of a ReadProcessMemory or WriteProcessMemory request was completed. (0x12B)
[0507/132941.561:ERROR:process_memory_win.cc(73)] ReadMemory at 0xa1a927ff60 of 132 bytes failed: Only part of a ReadProcessMemory or WriteProcessMemory request was completed. (0x12B)
[0507/132941.561:ERROR:process_memory_win.cc(73)] ReadMemory at 0xa1a9280080 of 132 bytes failed: Only part of a ReadProcessMemory or WriteProcessMemory request was completed. (0x12B)
[0507/132941.561:ERROR:process_memory_win.cc(73)] ReadMemory at 0xa1a92801a0 of 132 bytes failed: Only part of a ReadProcessMemory or WriteProcessMemory request was completed. (0x12B)
[0507/132941.561:ERROR:process_memory_win.cc(73)] ReadMemory at 0xa1a92802c0 of 132 bytes failed: Only part of a ReadProcessMemory or WriteProcessMemory request was completed. (0x12B)
[0507/132941.561:ERROR:process_memory_win.cc(73)] ReadMemory at 0xa1a92803e0 of 132 bytes failed: Only part of a ReadProcessMemory or WriteProcessMemory request was completed. (0x12B)
[0507/132941.561:ERROR:process_memory_win.cc(73)] ReadMemory at 0xa1a9280620 of 132 bytes failed: Only part of a ReadProcessMemory or WriteProcessMemory request was completed. (0x12B)
[0507/132941.561:ERROR:process_memory_win.cc(73)] ReadMemory at 0xa1a9280740 of 132 bytes failed: Only part of a ReadProcessMemory or WriteProcessMemory request was completed. (0x12B)
[0507/132941.561:ERROR:process_memory_win.cc(73)] ReadMemory at 0xa1a9280860 of 132 bytes failed: Only part of a ReadProcessMemory or WriteProcessMemory request was completed. (0x12B)
[0507/132941.561:ERROR:process_memory_win.cc(73)] ReadMemory at 0xa1a92820c0 of 132 bytes failed: Only part of a ReadProcessMemory or WriteProcessMemory request was completed. (0x12B)
[0507/132941.562:ERROR:process_memory_win.cc(73)] ReadMemory at 0xa1a92821e0 of 132 bytes failed: Only part of a ReadProcessMemory or WriteProcessMemory request was completed. (0x12B)
[0507/132941.562:ERROR:process_memory_win.cc(73)] ReadMemory at 0xa1a9282540 of 132 bytes failed: Only part of a ReadProcessMemory or WriteProcessMemory request was completed. (0x12B)
[0507/132941.562:ERROR:process_memory_win.cc(73)] ReadMemory at 0xa1a9282660 of 132 bytes failed: Only part of a ReadProcessMemory or WriteProcessMemory request was completed. (0x12B)
[0507/132941.562:ERROR:process_memory_win.cc(73)] ReadMemory at 0xa1a9282780 of 132 bytes failed: Only part of a ReadProcessMemory or WriteProcessMemory request was completed. (0x12B)
[0507/132941.562:ERROR:process_memory_win.cc(73)] ReadMemory at 0xa1a92831a0 of 132 bytes failed: Only part of a ReadProcessMemory or WriteProcessMemory request was completed. (0x12B)
[0507/132941.562:ERROR:process_memory_win.cc(73)] ReadMemory at 0xa1a92833e0 of 132 bytes failed: Only part of a ReadProcessMemory or WriteProcessMemory request was completed. (0x12B)
[0507/132941.562:ERROR:process_memory_win.cc(73)] ReadMemory at 0xa1a9283500 of 132 bytes failed: Only part of a ReadProcessMemory or WriteProcessMemory request was completed. (0x12B)
[0507/132941.563:ERROR:process_memory_win.cc(73)] ReadMemory at 0xa1a9283aa0 of 132 bytes failed: Only part of a ReadProcessMemory or WriteProcessMemory request was completed. (0x12B)
[0507/132941.563:ERROR:process_memory_win.cc(73)] ReadMemory at 0xa1a9283bc0 of 132 bytes failed: Only part of a ReadProcessMemory or WriteProcessMemory request was completed. (0x12B)
[0507/132941.563:ERROR:process_memory_win.cc(73)] ReadMemory at 0xa1a9283ce0 of 132 bytes failed: Only part of a ReadProcessMemory or WriteProcessMemory request was completed. (0x12B)
[0507/132941.563:ERROR:process_memory_win.cc(73)] ReadMemory at 0xa1a9283f20 of 132 bytes failed: Only part of a ReadProcessMemory or WriteProcessMemory request was completed. (0x12B)
[0507/132941.563:ERROR:process_memory_win.cc(73)] ReadMemory at 0xa1a9284970 of 80 bytes failed: Only part of a ReadProcessMemory or WriteProcessMemory request was completed. (0x12B)
[0507/132941.563:ERROR:process_memory_win.cc(73)] ReadMemory at 0xa1a9284c10 of 80 bytes failed: Only part of a ReadProcessMemory or WriteProcessMemory request was completed. (0x12B)
[0507/132941.563:ERROR:process_memory_win.cc(73)] ReadMemory at 0xa1a9287ee0 of 58 bytes failed: Only part of a ReadProcessMemory or WriteProcessMemory request was completed. (0x12B)
[0507/132941.563:ERROR:process_memory_win.cc(73)] ReadMemory at 0xa1a92882a0 of 58 bytes failed: Only part of a ReadProcessMemory or WriteProcessMemory request was completed. (0x12B)
[0507/132941.564:ERROR:process_memory_win.cc(73)] ReadMemory at 0xa1a928ebc0 of 512 bytes failed: Only part of a ReadProcessMemory or WriteProcessMemory request was completed. (0x12B)
[0507/132941.564:ERROR:process_memory_win.cc(73)] ReadMemory at 0xa1a92901e0 of 512 bytes failed: Only part of a ReadProcessMemory or WriteProcessMemory request was completed. (0x12B)
[0507/132941.564:ERROR:process_memory_win.cc(73)] ReadMemory at 0xa1a9451e40 of 512 bytes failed: Only part of a ReadProcessMemory or WriteProcessMemory request was completed. (0x12B)
[0507/132941.564:ERROR:process_memory_win.cc(73)] ReadMemory at 0xa1a94531c0 of 512 bytes failed: Only part of a ReadProcessMemory or WriteProcessMemory request was completed. (0x12B)
[0507/132941.564:ERROR:process_memory_win.cc(73)] ReadMemory at 0xa1a971d820 of 512 bytes failed: Only part of a ReadProcessMemory or WriteProcessMemory request was completed. (0x12B)
[0507/132941.564:ERROR:process_memory_win.cc(73)] ReadMemory at 0xa1a9aa1980 of 512 bytes failed: Only part of a ReadProcessMemory or WriteProcessMemory request was completed. (0x12B)
[0507/132941.564:ERROR:process_memory_win.cc(73)] ReadMemory at 0xa1a9aa3300 of 512 bytes failed: Only part of a ReadProcessMemory or WriteProcessMemory request was completed. (0x12B)
[0507/132941.565:ERROR:process_memory_win.cc(73)] ReadMemory at 0xa1a9aa5270 of 512 bytes failed: Only part of a ReadProcessMemory or WriteProcessMemory request was completed. (0x12B)
[0507/132941.565:ERROR:process_memory_win.cc(73)] ReadMemory at 0xa1a9ab4550 of 512 bytes failed: Only part of a ReadProcessMemory or WriteProcessMemory request was completed. (0x12B)
[0507/132941.791:ERROR:process_memory_win.cc(73)] ReadMemory at 0xa1a9aef3a0 of 512 bytes failed: Only part of a ReadProcessMemory or WriteProcessMemory request was completed. (0x12B)
[0507/132941.791:ERROR:process_memory_win.cc(73)] ReadMemory at 0xa1ae0db4a0 of 512 bytes failed: Only part of a ReadProcessMemory or WriteProcessMemory request was completed. (0x12B)
[0507/132941.791:ERROR:process_memory_win.cc(73)] ReadMemory at 0xa1ae0dbc10 of 512 bytes failed: Only part of a ReadProcessMemory or WriteProcessMemory request was completed. (0x12B)
[0507/132941.791:ERROR:process_memory_win.cc(73)] ReadMemory at 0xa1ae169fb0 of 512 bytes failed: Only part of a ReadProcessMemory or WriteProcessMemory request was completed. (0x12B)
[0507/132941.791:ERROR:process_memory_win.cc(73)] ReadMemory at 0xa1ae2292c0 of 512 bytes failed: Only part of a ReadProcessMemory or WriteProcessMemory request was completed. (0x12B)
[0507/132941.792:ERROR:process_memory_win.cc(73)] ReadMemory at 0xa1af2a7bb0 of 512 bytes failed: Only part of a ReadProcessMemory or WriteProcessMemory request was completed. (0x12B)
[0507/132941.792:ERROR:process_memory_win.cc(73)] ReadMemory at 0xa1af4f91d8 of 512 bytes failed: Only part of a ReadProcessMemory or WriteProcessMemory request was completed. (0x12B)
[0507/132941.792:ERROR:process_memory_win.cc(73)] ReadMemory at 0xa1af562170 of 512 bytes failed: Only part of a ReadProcessMemory or WriteProcessMemory request was completed. (0x12B)
[0507/132941.792:ERROR:process_memory_win.cc(73)] ReadMemory at 0xa1af568690 of 512 bytes failed: Only part of a ReadProcessMemory or WriteProcessMemory request was completed. (0x12B)
[0507/132941.793:ERROR:process_memory_win.cc(73)] ReadMemory at 0xa1af663310 of 512 bytes failed: Only part of a ReadProcessMemory or WriteProcessMemory request was completed. (0x12B)
[0507/132941.793:ERROR:process_memory_win.cc(73)] ReadMemory at 0xa1af690000 of 444 bytes failed: Only part of a ReadProcessMemory or WriteProcessMemory request was completed. (0x12B)
[0507/132941.793:ERROR:process_memory_win.cc(73)] ReadMemory at 0xa1af69417c of 512 bytes failed: Only part of a ReadProcessMemory or WriteProcessMemory request was completed. (0x12B)
[0507/132941.793:ERROR:process_memory_win.cc(73)] ReadMemory at 0xa1af6daf70 of 512 bytes failed: Only part of a ReadProcessMemory or WriteProcessMemory request was completed. (0x12B)
[0507/132941.793:ERROR:process_memory_win.cc(73)] ReadMemory at 0xa1af6fb760 of 512 bytes failed: Only part of a ReadProcessMemory or WriteProcessMemory request was completed. (0x12B)
[0507/132941.793:ERROR:process_memory_win.cc(73)] ReadMemory at 0xa1af71b720 of 512 bytes failed: Only part of a ReadProcessMemory or WriteProcessMemory request was completed. (0x12B)
[0507/132941.793:ERROR:process_memory_win.cc(73)] ReadMemory at 0xa1b50b2fd0 of 536 bytes failed: Only part of a ReadProcessMemory or WriteProcessMemory request was completed. (0x12B)
[0507/132941.794:ERROR:process_memory_win.cc(73)] ReadMemory at 0xa1b5103030 of 512 bytes failed: Only part of a ReadProcessMemory or WriteProcessMemory request was completed. (0x12B)
[0507/132941.794:ERROR:process_memory_win.cc(73)] ReadMemory at 0xa1b5106d90 of 512 bytes failed: Only part of a ReadProcessMemory or WriteProcessMemory request was completed. (0x12B)
[0507/132941.794:ERROR:process_memory_win.cc(73)] ReadMemory at 0xa1b5107e78 of 512 bytes failed: Only part of a ReadProcessMemory or WriteProcessMemory request was completed. (0x12B)
[0507/132941.794:ERROR:process_memory_win.cc(73)] ReadMemory at 0xa1b5109400 of 512 bytes failed: Only part of a ReadProcessMemory or WriteProcessMemory request was completed. (0x12B)
[0507/132941.794:ERROR:process_memory_win.cc(73)] ReadMemory at 0xa1b5109c40 of 512 bytes failed: Only part of a ReadProcessMemory or WriteProcessMemory request was completed. (0x12B)
[0507/132941.794:ERROR:process_memory_win.cc(73)] ReadMemory at 0xa1b510f3c8 of 512 bytes failed: Only part of a ReadProcessMemory or WriteProcessMemory request was completed. (0x12B)
[0507/132941.795:ERROR:process_memory_win.cc(73)] ReadMemory at 0xa1b54e33a0 of 512 bytes failed: Only part of a ReadProcessMemory or WriteProcessMemory request was completed. (0x12B)
[0507/132941.795:ERROR:process_memory_win.cc(73)] ReadMemory at 0xa1b60e2ee8 of 512 bytes failed: Only part of a ReadProcessMemory or WriteProcessMemory request was completed. (0x12B)
[0507/132941.795:ERROR:process_memory_win.cc(73)] ReadMemory at 0xa1b61d9f60 of 512 bytes failed: Only part of a ReadProcessMemory or WriteProcessMemory request was completed. (0x12B)
[0507/132941.795:ERROR:process_memory_win.cc(73)] ReadMemory at 0xa1b61df910 of 512 bytes failed: Only part of a ReadProcessMemory or WriteProcessMemory request was completed. (0x12B)
[0507/132941.795:ERROR:process_memory_win.cc(73)] ReadMemory at 0x7ff66d03e000 of 6024 bytes failed: Only part of a ReadProcessMemory or WriteProcessMemory request was completed. (0x12B)
[0507/132941.796:ERROR:process_memory_win.cc(73)] ReadMemory at 0x7ff66d040000 of 6024 bytes failed: Only part of a ReadProcessMemory or WriteProcessMemory request was completed. (0x12B)
[0507/132941.796:ERROR:process_memory_win.cc(73)] ReadMemory at 0x7ff66d042000 of 6024 bytes failed: Only part of a ReadProcessMemory or WriteProcessMemory request was completed. (0x12B)
[0507/132941.796:ERROR:process_memory_win.cc(73)] ReadMemory at 0x7ff66d044000 of 6024 bytes failed: Only part of a ReadProcessMemory or WriteProcessMemory request was completed. (0x12B)
[0507/132941.796:ERROR:process_memory_win.cc(73)] ReadMemory at 0x7ff66d046000 of 6024 bytes failed: Only part of a ReadProcessMemory or WriteProcessMemory request was completed. (0x12B)
[0507/132941.797:ERROR:process_memory_win.cc(73)] ReadMemory at 0x7ff66d048000 of 6024 bytes failed: Only part of a ReadProcessMemory or WriteProcessMemory request was completed. (0x12B)
[0507/132941.797:ERROR:process_memory_win.cc(73)] ReadMemory at 0x7ff66d04a000 of 6024 bytes failed: Only part of a ReadProcessMemory or WriteProcessMemory request was completed. (0x12B)
[0507/132941.797:ERROR:process_memory_win.cc(73)] ReadMemory at 0x7ff66d04c000 of 6024 bytes failed: Only part of a ReadProcessMemory or WriteProcessMemory request was completed. (0x12B)
[0507/132941.798:ERROR:process_memory_win.cc(73)] ReadMemory at 0x7ff66d04e000 of 6024 bytes failed: Only part of a ReadProcessMemory or WriteProcessMemory request was completed. (0x12B)
[0507/132941.798:ERROR:process_memory_win.cc(73)] ReadMemory at 0x7ff66d174000 of 852 bytes failed: Only part of a ReadProcessMemory or WriteProcessMemory request was completed. (0x12B)
[0507/132941.798:ERROR:process_memory_win.cc(73)] ReadMemory at 0x7ff66d176000 of 6024 bytes failed: Only part of a ReadProcessMemory or WriteProcessMemory request was completed. (0x12B)
[0507/132941.798:ERROR:process_memory_win.cc(73)] ReadMemory at 0x7ff66d178000 of 6024 bytes failed: Only part of a ReadProcessMemory or WriteProcessMemory request was completed. (0x12B)
[0507/132941.799:ERROR:process_memory_win.cc(73)] ReadMemory at 0x7ff66d17a000 of 6024 bytes failed: Only part of a ReadProcessMemory or WriteProcessMemory request was completed. (0x12B)
[0507/132941.799:ERROR:process_memory_win.cc(73)] ReadMemory at 0x7ff66d17c000 of 6024 bytes failed: Only part of a ReadProcessMemory or WriteProcessMemory request was completed. (0x12B)
[0507/132941.799:ERROR:process_memory_win.cc(73)] ReadMemory at 0x7ff66d17e000 of 6024 bytes failed: Only part of a ReadProcessMemory or WriteProcessMemory request was completed. (0x12B)
[0507/132941.799:ERROR:process_memory_win.cc(73)] ReadMemory at 0x7ffe45ae66c1 of 512 bytes failed: Only part of a ReadProcessMemory or WriteProcessMemory request was completed. (0x12B)
[0507/132941.799:ERROR:process_memory_win.cc(73)] ReadMemory at 0x7ffe4bfe353c of 512 bytes failed: Only part of a ReadProcessMemory or WriteProcessMemory request was completed. (0x12B)
[0507/132941.800:ERROR:process_memory_win.cc(73)] ReadMemory at 0x7ffe4c25b548 of 512 bytes failed: Only part of a ReadProcessMemory or WriteProcessMemory request was completed. (0x12B)
[0507/132941.800:ERROR:process_memory_win.cc(73)] ReadMemory at 0x7ffe4c628310 of 512 bytes failed: Only part of a ReadProcessMemory or WriteProcessMemory request was completed. (0x12B)
[0507/132941.800:ERROR:process_memory_win.cc(73)] ReadMemory at 0x7ffe66717a55 of 512 bytes failed: Only part of a ReadProcessMemory or WriteProcessMemory request was completed. (0x12B)
[0507/132941.800:ERROR:process_memory_win.cc(73)] ReadMemory at 0x7ffe66718245 of 512 bytes failed: Only part of a ReadProcessMemory or WriteProcessMemory request was completed. (0x12B)
[0507/132941.801:ERROR:process_memory_win.cc(73)] ReadMemory at 0x7ffe800777fb of 512 bytes failed: Only part of a ReadProcessMemory or WriteProcessMemory request was completed. (0x12B)
[0507/132941.801:ERROR:process_memory_win.cc(73)] ReadMemory at 0x7ffe898a8fc0 of 512 bytes failed: Only part of a ReadProcessMemory or WriteProcessMemory request was completed. (0x12B)
[0507/132941.801:ERROR:process_memory_win.cc(73)] ReadMemory at 0x7ffe898aaa50 of 512 bytes failed: Only part of a ReadProcessMemory or WriteProcessMemory request was completed. (0x12B)
[0507/132941.801:ERROR:process_memory_win.cc(73)] ReadMemory at 0x7ffe898ab620 of 512 bytes failed: Only part of a ReadProcessMemory or WriteProcessMemory request was completed. (0x12B)
[0507/132941.801:ERROR:process_memory_win.cc(73)] ReadMemory at 0x7ffe8990350a of 592 bytes failed: Only part of a ReadProcessMemory or WriteProcessMemory request was completed. (0x12B)
[0507/132941.801:ERROR:process_memory_win.cc(73)] ReadMemory at 0x7ffe8990502a of 512 bytes failed: Only part of a ReadProcessMemory or WriteProcessMemory request was completed. (0x12B)
[0507/132941.802:ERROR:process_memory_win.cc(73)] ReadMemory at 0x7ffe8997b6b0 of 18 bytes failed: Only part of a ReadProcessMemory or WriteProcessMemory request was completed. (0x12B)
[0507/132941.924:ERROR:process_memory_win.cc(73)] ReadMemory at 0x7ffe899b30b0 of 40 bytes failed: Only part of a ReadProcessMemory or WriteProcessMemory request was completed. (0x12B)
[0507/132941.924:ERROR:process_memory_win.cc(73)] ReadMemory at 0x7ffe899b3c28 of 48 bytes failed: Only part of a ReadProcessMemory or WriteProcessMemory request was completed. (0x12B)
[0507/132941.925:ERROR:process_memory_win.cc(73)] ReadMemory at 0x7ffe899b61c0 of 64 bytes failed: Only part of a ReadProcessMemory or WriteProcessMemory request was completed. (0x12B)
[0507/132945.174:ERROR:scoped_process_suspend.cc(40)] NtResumeProcess: An attempt was made to access an exiting process. (0xc000010a)
[0507/134121.201:ERROR:settings.cc(320)] Settings magic is not 1129342067
[0507/134121.599:ERROR:crash_report_database_win.cc(428)] unexpected header
[0507/135121.935:ERROR:crash_report_database_win.cc(428)] unexpected header
[0507/135122.145:ERROR:crash_report_database_win.cc(428)] unexpected header
[0507/135622.427:ERROR:crash_report_database_win.cc(428)] unexpected header
[0507/141123.181:ERROR:crash_report_database_win.cc(428)] unexpected header
[0507/142616.942:ERROR:settings.cc(320)] Settings magic is not 1129342067
[0507/142616.961:ERROR:crash_report_database_win.cc(428)] unexpected header
[0507/143616.963:ERROR:crash_report_database_win.cc(428)] unexpected header
[0507/143616.990:ERROR:crash_report_database_win.cc(428)] unexpected header
[0507/144116.997:ERROR:crash_report_database_win.cc(428)] unexpected header
[0507/150047.038:ERROR:crash_report_database_win.cc(428)] unexpected header
[0507/151047.209:ERROR:crash_report_database_win.cc(428)] unexpected header
[0507/151047.292:ERROR:crash_report_database_win.cc(428)] unexpected header
[0507/151547.331:ERROR:crash_report_database_win.cc(428)] unexpected header
[0507/153047.419:ERROR:crash_report_database_win.cc(428)] unexpected header
[0507/154547.443:ERROR:crash_report_database_win.cc(428)] unexpected header
[0507/160047.522:ERROR:crash_report_database_win.cc(428)] unexpected header
[0507/161336.180:ERROR:crash_report_database_win.cc(428)] unexpected header
[0507/162336.518:ERROR:crash_report_database_win.cc(428)] unexpected header
[0507/162336.573:ERROR:crash_report_database_win.cc(428)] unexpected header
[0507/162838.172:ERROR:crash_report_database_win.cc(428)] unexpected header
[0507/164338.707:ERROR:crash_report_database_win.cc(428)] unexpected header
[0507/165838.917:ERROR:crash_report_database_win.cc(428)] unexpected header
[0507/171338.965:ERROR:crash_report_database_win.cc(428)] unexpected header
[0507/172839.071:ERROR:crash_report_database_win.cc(428)] unexpected header
[0507/172949.610:ERROR:crash_report_database_win.cc(428)] unexpected header
[0507/174339.275:ERROR:crash_report_database_win.cc(428)] unexpected header
[0507/175839.410:ERROR:crash_report_database_win.cc(428)] unexpected header
[0507/181339.716:ERROR:crash_report_database_win.cc(428)] unexpected header
[0507/182840.951:ERROR:crash_report_database_win.cc(428)] unexpected header
[0507/184341.125:ERROR:crash_report_database_win.cc(428)] unexpected header
[0507/185841.257:ERROR:crash_report_database_win.cc(428)] unexpected header
[0507/191341.326:ERROR:crash_report_database_win.cc(428)] unexpected header
[0507/192841.398:ERROR:crash_report_database_win.cc(428)] unexpected header
[0507/194341.547:ERROR:crash_report_database_win.cc(428)] unexpected header
[0507/195841.674:ERROR:crash_report_database_win.cc(428)] unexpected header
[0507/201341.755:ERROR:crash_report_database_win.cc(428)] unexpected header
[0507/202825.644:ERROR:crash_report_database_win.cc(428)] unexpected header
[0507/203653.787:ERROR:crash_report_database_win.cc(428)] unexpected header
[0507/205153.878:ERROR:crash_report_database_win.cc(428)] unexpected header
[0508/065443.042:ERROR:crash_report_database_win.cc(428)] unexpected header
[0508/065601.109:ERROR:crash_report_database_win.cc(428)] unexpected header
[0508/071238.450:ERROR:crash_report_database_win.cc(428)] unexpected header
[0508/072238.549:ERROR:crash_report_database_win.cc(428)] unexpected header
[0508/072238.705:ERROR:crash_report_database_win.cc(428)] unexpected header
[0508/084124.456:ERROR:settings.cc(320)] Settings magic is not 1129342067
[0508/084124.670:ERROR:crash_report_database_win.cc(428)] unexpected header
[0508/084209.039:ERROR:crash_report_database_win.cc(428)] unexpected header
[0508/084209.043:ERROR:crash_report_database_win.cc(428)] unexpected header
[0508/084220.294:ERROR:crash_report_database_win.cc(428)] unexpected header
[0508/090634.910:ERROR:crash_report_database_win.cc(428)] unexpected header
[0508/090634.934:ERROR:crash_report_database_win.cc(428)] unexpected header
[0508/090703.971:ERROR:crash_report_database_win.cc(428)] unexpected header
[0508/090721.705:ERROR:crash_report_database_win.cc(428)] unexpected header
[0508/090721.855:ERROR:crash_report_database_win.cc(428)] unexpected header
[0508/090732.120:ERROR:crash_report_database_win.cc(428)] unexpected header
[0508/091748.702:ERROR:crash_report_database_win.cc(428)] unexpected header
[0508/092748.747:ERROR:crash_report_database_win.cc(428)] unexpected header
[0508/092748.805:ERROR:crash_report_database_win.cc(428)] unexpected header
[0508/093248.794:ERROR:crash_report_database_win.cc(428)] unexpected header
[0508/093402.269:ERROR:crash_report_database_win.cc(428)] unexpected header
